classroom/build/intermediates/manifest_merge_blame_file/debug/manifest-merger-blame-debug-report.txt
1<?xml version="1.0" encoding="utf-8"?>
2<manifest xmlns:android="http://schemas.android.com/apk/res/android"
3    package="com.xingwang.classroom"
4    android:versionCode="1"
5    android:versionName="1.0" >
6
7    <uses-sdk
8        android:minSdkVersion="17"
8-->src\main\AndroidManifest.xml
9        android:targetSdkVersion="28" />
9-->src\main\AndroidManifest.xml
10
11    <uses-permission android:name="android.permission.INTERNET" /> <!-- 允许程序修改全局音频设置 -->
11-->src\main\AndroidManifest.xml:3:5-67
11-->src\main\AndroidManifest.xml:3:22-64
12
13
14    <!-- 网络状态 -->
15    <uses-permission android:name="android.permission.ACCESS_NETWORK_STATE" />
15-->src\main\AndroidManifest.xml:6:5-79
15-->src\main\AndroidManifest.xml:6:22-76
16    <!-- 锁屏工作，防止休眠 -->
17    <uses-permission android:name="android.permission.WAKE_LOCK" />
17-->src\main\AndroidManifest.xml:8:5-67
17-->src\main\AndroidManifest.xml:8:22-65
18    <!-- 悬浮窗 -->
19    <uses-permission android:name="android.permission.SYSTEM_ALERT_WINDOW" />
19-->src\main\AndroidManifest.xml:10:5-78
19-->src\main\AndroidManifest.xml:10:22-75
20    <!-- 启用通知栏需使用 -->
21    <uses-permission android:name="android.permission.GET_TASKS" />
21-->src\main\AndroidManifest.xml:12:5-68
21-->src\main\AndroidManifest.xml:12:22-65
22    <!-- 启用通知栏需使用 -->
23    <uses-permission android:name="android.permission.CAMERA" />
23-->src\main\AndroidManifest.xml:14:5-65
23-->src\main\AndroidManifest.xml:14:22-62
24    <uses-permission android:name="android.permission.READ_EXTERNAL_STORAGE" />
24-->src\main\AndroidManifest.xml:15:5-80
24-->src\main\AndroidManifest.xml:15:22-77
25    <uses-permission android:name="android.permission.WRITE_EXTERNAL_STORAGE" />
25-->src\main\AndroidManifest.xml:16:5-81
25-->src\main\AndroidManifest.xml:16:22-78
26
27    <application>
27-->src\main\AndroidManifest.xml:17:5-51:19
28        <activity
28-->src\main\AndroidManifest.xml:19:9-23:20
29            android:name="com.xingwang.classroom.ui.ClassRoomHomeActivity"
29-->src\main\AndroidManifest.xml:19:19-81
30            android:configChanges="orientation|screenSize|keyboardHidden"
30-->src\main\AndroidManifest.xml:20:13-74
31            android:theme="@style/AppThemeClassRoom" >
31-->src\main\AndroidManifest.xml:21:13-53
32        </activity>
33        <activity
33-->src\main\AndroidManifest.xml:24:9-35:20
34            android:name="com.xingwang.classroom.ui.ClassRoomCommentDetailActivity"
34-->src\main\AndroidManifest.xml:24:19-90
35            android:configChanges="orientation|screenSize|keyboardHidden"
35-->src\main\AndroidManifest.xml:26:13-74
36            android:theme="@style/AppThemeClassRoom"
36-->src\main\AndroidManifest.xml:27:13-53
37            android:windowSoftInputMode="adjustResize|adjustUnspecified|stateHidden" >
37-->src\main\AndroidManifest.xml:25:13-85
38            <intent-filter>
39                <action android:name="android.intent.action.VIEW" />
39-->src\main\AndroidManifest.xml:29:17-69
39-->src\main\AndroidManifest.xml:29:25-66
40
41                <category android:name="android.intent.category.DEFAULT" />
41-->src\main\AndroidManifest.xml:30:17-76
41-->src\main\AndroidManifest.xml:30:27-73
42
43                <data
43-->src\main\AndroidManifest.xml:31:17-33:64
44                    android:host="dollar_openBracket_applicationId_closeBracket.pldetail"
44-->src\main\AndroidManifest.xml:33:21-61
45                    android:scheme="classroom" />
45-->src\main\AndroidManifest.xml:32:21-47
46            </intent-filter>
47        </activity>
48        <!-- 在你需要全屏播放的Activity中加上这个属性，告诉系统Activity在横竖屏切换时不要销毁Activity -->
49        <activity
49-->src\main\AndroidManifest.xml:37:9-49:20
50            android:name="com.xingwang.classroom.ui.ClassRoomDetailActivity"
50-->src\main\AndroidManifest.xml:37:19-83
51            android:configChanges="orientation|screenSize|keyboardHidden"
51-->src\main\AndroidManifest.xml:40:13-74
52            android:screenOrientation="portrait"
52-->src\main\AndroidManifest.xml:39:13-49
53            android:theme="@style/AppThemeClassRoom"
53-->src\main\AndroidManifest.xml:41:13-53
54            android:windowSoftInputMode="adjustResize|adjustUnspecified|stateHidden" >
54-->src\main\AndroidManifest.xml:38:13-85
55            <intent-filter>
56                <action android:name="android.intent.action.VIEW" />
56-->src\main\AndroidManifest.xml:29:17-69
56-->src\main\AndroidManifest.xml:29:25-66
57
58                <category android:name="android.intent.category.DEFAULT" />
58-->src\main\AndroidManifest.xml:30:17-76
58-->src\main\AndroidManifest.xml:30:27-73
59
60                <data
60-->src\main\AndroidManifest.xml:31:17-33:64
61                    android:host="dollar_openBracket_applicationId_closeBracket.kcdetail"
61-->src\main\AndroidManifest.xml:33:21-61
62                    android:scheme="classroom" />
62-->src\main\AndroidManifest.xml:32:21-47
63            </intent-filter>
64        </activity>
65    </application>
66
67</manifest>